<?xml version="1.0" encoding="UTF-8"?>
<!-- Generated by org.testng.reporters.JUnitReportReporter -->
<testsuite skipped="0" hostname="DESKTOP-V52RHCQ" name="testScripts.debClass" tests="1" failures="0" timestamp="2021-03-01T22:08:43 IST" time="11.467" errors="0">
  <testcase name="openGoogle" time="11.467" classname="testScripts.debClass"/>
  <system-out/>
</testsuite> <!-- testScripts.debClass -->
